app/android/app/build/intermediates/manifest_merge_blame_file/debug/manifest-merger-blame-debug-report.txt
1<?xml version="1.0" encoding="utf-8"?>
2<manifest xmlns:android="http://schemas.android.com/apk/res/android"
3    package="com.rxt01.tetrisai"
4    android:versionCode="1"
5    android:versionName="test-build-m-0.0.1" >
6
7    <uses-sdk
8        android:minSdkVersion="29"
8-->src\main\AndroidManifest.xml
9        android:targetSdkVersion="32" />
9-->src\main\AndroidManifest.xml
10
11    <uses-permission android:name="android.permission.INTERNET" />
11-->src\main\AndroidManifest.xml:5:5-67
11-->src\main\AndroidManifest.xml:5:22-64
12    <uses-permission android:name="android.permission.WRITE_EXTERNAL_STORAGE" />
12-->src\main\AndroidManifest.xml:6:5-81
12-->src\main\AndroidManifest.xml:6:22-78
13
14    <application
14-->src\main\AndroidManifest.xml:8:5-80:19
15        android:allowBackup="true"
15-->src\main\AndroidManifest.xml:9:9-35
16        android:appComponentFactory="androidx.core.app.CoreComponentFactory"
16-->[androidx.core:core:1.8.0] AndroidManifest.xml:24:18-86
17        android:dataExtractionRules="@xml/data_extraction_rules"
17-->src\main\AndroidManifest.xml:10:9-65
18        android:debuggable="true"
19        android:extractNativeLibs="false"
20        android:fullBackupContent="@xml/backup_rules"
20-->src\main\AndroidManifest.xml:11:9-54
21        android:icon="@mipmap/ic_tetris"
21-->src\main\AndroidManifest.xml:12:9-41
22        android:label="@string/app_name"
22-->src\main\AndroidManifest.xml:13:9-41
23        android:roundIcon="@mipmap/ic_tetris_round"
23-->src\main\AndroidManifest.xml:14:9-52
24        android:supportsRtl="true"
24-->src\main\AndroidManifest.xml:15:9-35
25        android:testOnly="true"
26        android:theme="@style/Theme.TetrisAI" >
26-->src\main\AndroidManifest.xml:16:9-46
27        <receiver
27-->src\main\AndroidManifest.xml:18:9-28:20
28            android:name="com.rxt01.tetrisai.UpdateWidget"
28-->src\main\AndroidManifest.xml:19:13-41
29            android:exported="false" >
29-->src\main\AndroidManifest.xml:20:13-37
30            <intent-filter>
30-->src\main\AndroidManifest.xml:21:13-23:29
31                <action android:name="android.appwidget.action.APPWIDGET_UPDATE" />
31-->src\main\AndroidManifest.xml:22:17-84
31-->src\main\AndroidManifest.xml:22:25-81
32            </intent-filter>
33
34            <meta-data
34-->src\main\AndroidManifest.xml:25:13-27:62
35                android:name="android.appwidget.provider"
35-->src\main\AndroidManifest.xml:26:17-58
36                android:resource="@xml/update_widget_info" />
36-->src\main\AndroidManifest.xml:27:17-59
37        </receiver>
38
39        <activity
39-->src\main\AndroidManifest.xml:30:9-36:20
40            android:name="com.rxt01.tetrisai.Rxt01Activity"
40-->src\main\AndroidManifest.xml:31:13-42
41            android:exported="false" >
41-->src\main\AndroidManifest.xml:32:13-37
42            <meta-data
42-->src\main\AndroidManifest.xml:33:13-35:36
43                android:name="android.app.lib_name"
43-->src\main\AndroidManifest.xml:34:17-52
44                android:value="" />
44-->src\main\AndroidManifest.xml:35:17-33
45        </activity>
46        <activity
46-->src\main\AndroidManifest.xml:37:9-45:20
47            android:name="com.rxt01.tetrisai.CreditActivity"
47-->src\main\AndroidManifest.xml:38:13-43
48            android:exported="false"
48-->src\main\AndroidManifest.xml:39:13-37
49            android:label="@string/title_activity_credit"
49-->src\main\AndroidManifest.xml:40:13-58
50            android:theme="@style/Theme.TetrisAI.NoActionBar" >
50-->src\main\AndroidManifest.xml:41:13-62
51            <meta-data
51-->src\main\AndroidManifest.xml:33:13-35:36
52                android:name="android.app.lib_name"
52-->src\main\AndroidManifest.xml:34:17-52
53                android:value="" />
53-->src\main\AndroidManifest.xml:35:17-33
54        </activity>
55        <activity
55-->src\main\AndroidManifest.xml:46:9-52:20
56            android:name="com.rxt01.tetrisai.PlayActivity"
56-->src\main\AndroidManifest.xml:47:13-41
57            android:exported="false" >
57-->src\main\AndroidManifest.xml:48:13-37
58            <meta-data
58-->src\main\AndroidManifest.xml:33:13-35:36
59                android:name="android.app.lib_name"
59-->src\main\AndroidManifest.xml:34:17-52
60                android:value="" />
60-->src\main\AndroidManifest.xml:35:17-33
61        </activity>
62        <activity
62-->src\main\AndroidManifest.xml:53:9-59:20
63            android:name="com.rxt01.tetrisai.SettingsActivity"
63-->src\main\AndroidManifest.xml:54:13-45
64            android:exported="false" >
64-->src\main\AndroidManifest.xml:55:13-37
65            <meta-data
65-->src\main\AndroidManifest.xml:33:13-35:36
66                android:name="android.app.lib_name"
66-->src\main\AndroidManifest.xml:34:17-52
67                android:value="" />
67-->src\main\AndroidManifest.xml:35:17-33
68        </activity>
69        <activity
69-->src\main\AndroidManifest.xml:60:9-66:20
70            android:name="com.rxt01.tetrisai.AIActivity"
70-->src\main\AndroidManifest.xml:61:13-39
71            android:exported="false" >
71-->src\main\AndroidManifest.xml:62:13-37
72            <meta-data
72-->src\main\AndroidManifest.xml:33:13-35:36
73                android:name="android.app.lib_name"
73-->src\main\AndroidManifest.xml:34:17-52
74                android:value="" />
74-->src\main\AndroidManifest.xml:35:17-33
75        </activity>
76        <activity
76-->src\main\AndroidManifest.xml:67:9-79:20
77            android:name="com.rxt01.tetrisai.MainActivity"
77-->src\main\AndroidManifest.xml:68:13-41
78            android:exported="true" >
78-->src\main\AndroidManifest.xml:69:13-36
79            <intent-filter>
79-->src\main\AndroidManifest.xml:70:13-74:29
80                <action android:name="android.intent.action.MAIN" />
80-->src\main\AndroidManifest.xml:71:17-69
80-->src\main\AndroidManifest.xml:71:25-66
81
82                <category android:name="android.intent.category.LAUNCHER" />
82-->src\main\AndroidManifest.xml:73:17-77
82-->src\main\AndroidManifest.xml:73:27-74
83            </intent-filter>
84
85            <meta-data
85-->src\main\AndroidManifest.xml:33:13-35:36
86                android:name="android.app.lib_name"
86-->src\main\AndroidManifest.xml:34:17-52
87                android:value="" />
87-->src\main\AndroidManifest.xml:35:17-33
88        </activity>
89
90        <uses-library
90-->[androidx.window:window:1.0.0] AndroidManifest.xml:25:9-27:40
91            android:name="androidx.window.extensions"
91-->[androidx.window:window:1.0.0] AndroidManifest.xml:26:13-54
92            android:required="false" />
92-->[androidx.window:window:1.0.0] AndroidManifest.xml:27:13-37
93        <uses-library
93-->[androidx.window:window:1.0.0] AndroidManifest.xml:28:9-30:40
94            android:name="androidx.window.sidecar"
94-->[androidx.window:window:1.0.0] AndroidManifest.xml:29:13-51
95            android:required="false" />
95-->[androidx.window:window:1.0.0] AndroidManifest.xml:30:13-37
96
97        <provider
97-->[androidx.emoji2:emoji2:1.2.0] AndroidManifest.xml:24:9-32:20
98            android:name="androidx.startup.InitializationProvider"
98-->[androidx.emoji2:emoji2:1.2.0] AndroidManifest.xml:25:13-67
99            android:authorities="com.rxt01.tetrisai.androidx-startup"
99-->[androidx.emoji2:emoji2:1.2.0] AndroidManifest.xml:26:13-68
100            android:exported="false" >
100-->[androidx.emoji2:emoji2:1.2.0] AndroidManifest.xml:27:13-37
101            <meta-data
101-->[androidx.emoji2:emoji2:1.2.0] AndroidManifest.xml:29:13-31:52
102                android:name="androidx.emoji2.text.EmojiCompatInitializer"
102-->[androidx.emoji2:emoji2:1.2.0] AndroidManifest.xml:30:17-75
103                android:value="androidx.startup" />
103-->[androidx.emoji2:emoji2:1.2.0] AndroidManifest.xml:31:17-49
104            <meta-data
104-->[androidx.lifecycle:lifecycle-process:2.4.1] AndroidManifest.xml:31:13-33:52
105                android:name="androidx.lifecycle.ProcessLifecycleInitializer"
105-->[androidx.lifecycle:lifecycle-process:2.4.1] AndroidManifest.xml:32:17-78
106                android:value="androidx.startup" />
106-->[androidx.lifecycle:lifecycle-process:2.4.1] AndroidManifest.xml:33:17-49
107        </provider>
108    </application>
109
110</manifest>